[19:39:29] [ServerMain/INFO]: Building unoptimized datafixer
[19:39:30] [ServerMain/INFO]: Environment: authHost='https://authserver.mojang.com', accountsHost='https://api.mojang.com', sessionHost='https://sessionserver.mojang.com', servicesHost='https://api.minecraftservices.com', name='PROD'
[19:39:30] [ServerMain/INFO]: Found new data pack file/bukkit, loading it automatically
[19:39:32] [ServerMain/INFO]: Loaded 7 recipes
[19:39:33] [Server thread/INFO]: Starting minecraft server version 1.19.2
[19:39:33] [Server thread/INFO]: Loading properties
[19:39:33] [Server thread/INFO]: This server is running Paper version git-Paper-263 (MC: 1.19.2) (Implementing API version 1.19.2-R0.1-SNAPSHOT) (Git: 3ac1a8d)
[19:39:33] [Server thread/INFO]: Server Ping Player Sample Count: 12
[19:39:33] [Server thread/INFO]: Using 4 threads for Netty based IO
[19:39:33] [Server thread/INFO]: [ChunkTaskScheduler] Chunk system is using 1 I/O threads, 4 worker threads, and gen parallelism of 4 threads
[19:39:33] [Server thread/INFO]: Default game type: SURVIVAL
[19:39:33] [Server thread/INFO]: Generating keypair
[19:39:33] [Server thread/INFO]: Starting Minecraft server on *:25565
[19:39:33] [Server thread/INFO]: Using default channel type
[19:39:33] [Server thread/INFO]: Paper: Using Java compression from Velocity.
[19:39:33] [Server thread/INFO]: Paper: Using Java cipher from Velocity.
[19:39:33] [Server thread/INFO]: Preparing level "world"
[19:39:46] [Server thread/INFO]: Preparing start region for dimension minecraft:overworld
[19:39:46] [Server thread/INFO]: Time elapsed: 95 ms
[19:39:46] [Server thread/INFO]: Preparing start region for dimension minecraft:the_nether
[19:39:46] [Server thread/INFO]: Time elapsed: 51 ms
[19:39:46] [Server thread/INFO]: Preparing start region for dimension minecraft:the_end
[19:39:46] [Server thread/INFO]: Time elapsed: 48 ms
[19:39:46] [Server thread/INFO]: Running delayed init tasks
[19:39:46] [Server thread/INFO]: Done (13.612s)! For help, type "help"
[19:39:46] [Server thread/INFO]: Timings Reset
